[2020-09-23 12:00:34] local.ERROR: SQLSTATE[42S02]: Base table or view not found: 1146 Table 'rigmanager_homestead.jobs' doesn't exist (SQL: select * from `jobs` where `queue` = scout and ((`reserved_at` is null and `available_at` <= 1600851634) or (`reserved_at` <= 1600851544)) order by `id` asc limit 1 for update) {"exception":"[object] (Illuminate\\Database\\QueryException(code: 42S02): SQLSTATE[42S02]: Base table or view not found: 1146 Table 'rigmanager_homestead.jobs' doesn't exist (SQL: select * from `jobs` where `queue` = scout and ((`reserved_at` is null and `available_at` <= 1600851634) or (`reserved_at` <= 1600851544)) order by `id` asc limit 1 for update) at /home/vagrant/code/rigmanager/vendor/laravel/framework/src/Illuminate/Database/Connection.php:671)
[stacktrace]
#0 /home/vagrant/code/rigmanager/vendor/laravel/framework/src/Illuminate/Database/Connection.php(631): Illuminate\\Database\\Connection->runQueryCallback()
#1 /home/vagrant/code/rigmanager/vendor/laravel/framework/src/Illuminate/Database/Connection.php(339): Illuminate\\Database\\Connection->run()
#2 /home/vagrant/code/rigmanager/vendor/laravel/framework/src/Illuminate/Database/Query/Builder.php(2260): Illuminate\\Database\\Connection->select()
#3 /home/vagrant/code/rigmanager/vendor/laravel/framework/src/Illuminate/Database/Query/Builder.php(2248): Illuminate\\Database\\Query\\Builder->runSelect()
#4 /home/vagrant/code/rigmanager/vendor/laravel/framework/src/Illuminate/Database/Query/Builder.php(2743): Illuminate\\Database\\Query\\Builder->Illuminate\\Database\\Query\\{closure}()
#5 /home/vagrant/code/rigmanager/vendor/laravel/framework/src/Illuminate/Database/Query/Builder.php(2249): Illuminate\\Database\\Query\\Builder->onceWithColumns()
#6 /home/vagrant/code/rigmanager/vendor/laravel/framework/src/Illuminate/Database/Concerns/BuildsQueries.php(143): Illuminate\\Database\\Query\\Builder->get()
#7 /home/vagrant/code/rigmanager/vendor/laravel/framework/src/Illuminate/Queue/DatabaseQueue.php(222): Illuminate\\Database\\Query\\Builder->first()
#8 /home/vagrant/code/rigmanager/vendor/laravel/framework/src/Illuminate/Queue/DatabaseQueue.php(200): Illuminate\\Queue\\DatabaseQueue->getNextAvailableJob()
#9 /home/vagrant/code/rigmanager/vendor/laravel/framework/src/Illuminate/Database/Concerns/ManagesTransactions.php(28): Illuminate\\Queue\\DatabaseQueue->Illuminate\\Queue\\{closure}()
#10 /home/vagrant/code/rigmanager/vendor/laravel/framework/src/Illuminate/Queue/DatabaseQueue.php(203): Illuminate\\Database\\Connection->transaction()
#11 /home/vagrant/code/rigmanager/vendor/laravel/framework/src/Illuminate/Queue/Worker.php(282): Illuminate\\Queue\\DatabaseQueue->pop()
#12 /home/vagrant/code/rigmanager/vendor/laravel/framework/src/Illuminate/Queue/Worker.php(121): Illuminate\\Queue\\Worker->getNextJob()
#13 /home/vagrant/code/rigmanager/vendor/laravel/framework/src/Illuminate/Queue/Console/WorkCommand.php(112): Illuminate\\Queue\\Worker->daemon()
#14 /home/vagrant/code/rigmanager/vendor/laravel/framework/src/Illuminate/Queue/Console/WorkCommand.php(96): Illuminate\\Queue\\Console\\WorkCommand->runWorker()
#15 [internal function]: Illuminate\\Queue\\Console\\WorkCommand->handle()
#16 /home/vagrant/code/rigmanager/vendor/laravel/framework/src/Illuminate/Container/BoundMethod.php(37): call_user_func_array()
#17 /home/vagrant/code/rigmanager/vendor/laravel/framework/src/Illuminate/Container/Util.php(37): Illuminate\\Container\\BoundMethod::Illuminate\\Container\\{closure}()
#18 /home/vagrant/code/rigmanager/vendor/laravel/framework/src/Illuminate/Container/BoundMethod.php(95): Illuminate\\Container\\Util::unwrapIfClosure()
#19 /home/vagrant/code/rigmanager/vendor/laravel/framework/src/Illuminate/Container/BoundMethod.php(39): Illuminate\\Container\\BoundMethod::callBoundMethod()
#20 /home/vagrant/code/rigmanager/vendor/laravel/framework/src/Illuminate/Container/Container.php(596): Illuminate\\Container\\BoundMethod::call()
#21 /home/vagrant/code/rigmanager/vendor/laravel/framework/src/Illuminate/Console/Command.php(134): Illuminate\\Container\\Container->call()
#22 /home/vagrant/code/rigmanager/vendor/symfony/console/Command/Command.php(258): Illuminate\\Console\\Command->execute()
#23 /home/vagrant/code/rigmanager/vendor/laravel/framework/src/Illuminate/Console/Command.php(121): Symfony\\Component\\Console\\Command\\Command->run()
#24 /home/vagrant/code/rigmanager/vendor/symfony/console/Application.php(911): Illuminate\\Console\\Command->run()
#25 /home/vagrant/code/rigmanager/vendor/symfony/console/Application.php(264): Symfony\\Component\\Console\\Application->doRunCommand()
#26 /home/vagrant/code/rigmanager/vendor/symfony/console/Application.php(140): Symfony\\Component\\Console\\Application->doRun()
#27 /home/vagrant/code/rigmanager/vendor/laravel/framework/src/Illuminate/Console/Application.php(93): Symfony\\Component\\Console\\Application->run()
#28 /home/vagrant/code/rigmanager/vendor/laravel/framework/src/Illuminate/Foundation/Console/Kernel.php(129): Illuminate\\Console\\Application->run()
#29 /home/vagrant/code/rigmanager/artisan(37): Illuminate\\Foundation\\Console\\Kernel->handle()
#30 {main}

[previous exception] [object] (PDOException(code: 42S02): SQLSTATE[42S02]: Base table or view not found: 1146 Table 'rigmanager_homestead.jobs' doesn't exist at /home/vagrant/code/rigmanager/vendor/laravel/framework/src/Illuminate/Database/Connection.php:331)
[stacktrace]
#0 /home/vagrant/code/rigmanager/vendor/laravel/framework/src/Illuminate/Database/Connection.php(331): PDO->prepare()
#1 /home/vagrant/code/rigmanager/vendor/laravel/framework/src/Illuminate/Database/Connection.php(664): Illuminate\\Database\\Connection->Illuminate\\Database\\{closure}()
#2 /home/vagrant/code/rigmanager/vendor/laravel/framework/src/Illuminate/Database/Connection.php(631): Illuminate\\Database\\Connection->runQueryCallback()
#3 /home/vagrant/code/rigmanager/vendor/laravel/framework/src/Illuminate/Database/Connection.php(339): Illuminate\\Database\\Connection->run()
#4 /home/vagrant/code/rigmanager/vendor/laravel/framework/src/Illuminate/Database/Query/Builder.php(2260): Illuminate\\Database\\Connection->select()
#5 /home/vagrant/code/rigmanager/vendor/laravel/framework/src/Illuminate/Database/Query/Builder.php(2248): Illuminate\\Database\\Query\\Builder->runSelect()
#6 /home/vagrant/code/rigmanager/vendor/laravel/framework/src/Illuminate/Database/Query/Builder.php(2743): Illuminate\\Database\\Query\\Builder->Illuminate\\Database\\Query\\{closure}()
#7 /home/vagrant/code/rigmanager/vendor/laravel/framework/src/Illuminate/Database/Query/Builder.php(2249): Illuminate\\Database\\Query\\Builder->onceWithColumns()
#8 /home/vagrant/code/rigmanager/vendor/laravel/framework/src/Illuminate/Database/Concerns/BuildsQueries.php(143): Illuminate\\Database\\Query\\Builder->get()
#9 /home/vagrant/code/rigmanager/vendor/laravel/framework/src/Illuminate/Queue/DatabaseQueue.php(222): Illuminate\\Database\\Query\\Builder->first()
#10 /home/vagrant/code/rigmanager/vendor/laravel/framework/src/Illuminate/Queue/DatabaseQueue.php(200): Illuminate\\Queue\\DatabaseQueue->getNextAvailableJob()
#11 /home/vagrant/code/rigmanager/vendor/laravel/framework/src/Illuminate/Database/Concerns/ManagesTransactions.php(28): Illuminate\\Queue\\DatabaseQueue->Illuminate\\Queue\\{closure}()
#12 /home/vagrant/code/rigmanager/vendor/laravel/framework/src/Illuminate/Queue/DatabaseQueue.php(203): Illuminate\\Database\\Connection->transaction()
#13 /home/vagrant/code/rigmanager/vendor/laravel/framework/src/Illuminate/Queue/Worker.php(282): Illuminate\\Queue\\DatabaseQueue->pop()
#14 /home/vagrant/code/rigmanager/vendor/laravel/framework/src/Illuminate/Queue/Worker.php(121): Illuminate\\Queue\\Worker->getNextJob()
#15 /home/vagrant/code/rigmanager/vendor/laravel/framework/src/Illuminate/Queue/Console/WorkCommand.php(112): Illuminate\\Queue\\Worker->daemon()
#16 /home/vagrant/code/rigmanager/vendor/laravel/framework/src/Illuminate/Queue/Console/WorkCommand.php(96): Illuminate\\Queue\\Console\\WorkCommand->runWorker()
#17 [internal function]: Illuminate\\Queue\\Console\\WorkCommand->handle()
#18 /home/vagrant/code/rigmanager/vendor/laravel/framework/src/Illuminate/Container/BoundMethod.php(37): call_user_func_array()
#19 /home/vagrant/code/rigmanager/vendor/laravel/framework/src/Illuminate/Container/Util.php(37): Illuminate\\Container\\BoundMethod::Illuminate\\Container\\{closure}()
#20 /home/vagrant/code/rigmanager/vendor/laravel/framework/src/Illuminate/Container/BoundMethod.php(95): Illuminate\\Container\\Util::unwrapIfClosure()
#21 /home/vagrant/code/rigmanager/vendor/laravel/framework/src/Illuminate/Container/BoundMethod.php(39): Illuminate\\Container\\BoundMethod::callBoundMethod()
#22 /home/vagrant/code/rigmanager/vendor/laravel/framework/src/Illuminate/Container/Container.php(596): Illuminate\\Container\\BoundMethod::call()
#23 /home/vagrant/code/rigmanager/vendor/laravel/framework/src/Illuminate/Console/Command.php(134): Illuminate\\Container\\Container->call()
#24 /home/vagrant/code/rigmanager/vendor/symfony/console/Command/Command.php(258): Illuminate\\Console\\Command->execute()
#25 /home/vagrant/code/rigmanager/vendor/laravel/framework/src/Illuminate/Console/Command.php(121): Symfony\\Component\\Console\\Command\\Command->run()
#26 /home/vagrant/code/rigmanager/vendor/symfony/console/Application.php(911): Illuminate\\Console\\Command->run()
#27 /home/vagrant/code/rigmanager/vendor/symfony/console/Application.php(264): Symfony\\Component\\Console\\Application->doRunCommand()
#28 /home/vagrant/code/rigmanager/vendor/symfony/console/Application.php(140): Symfony\\Component\\Console\\Application->doRun()
#29 /home/vagrant/code/rigmanager/vendor/laravel/framework/src/Illuminate/Console/Application.php(93): Symfony\\Component\\Console\\Application->run()
#30 /home/vagrant/code/rigmanager/vendor/laravel/framework/src/Illuminate/Foundation/Console/Kernel.php(129): Illuminate\\Console\\Application->run()
#31 /home/vagrant/code/rigmanager/artisan(37): Illuminate\\Foundation\\Console\\Kernel->handle()
#32 {main}
"} 

